SF:lib/main.dart
DA:4,0
DA:5,0
DA:8,2
DA:23,2
DA:26,1
DA:28,1
DA:31,1
DA:32,1
LF:8
LH:6
end_of_record
SF:lib/home_screen.dart
DA:4,0
DA:6,0
DA:9,0
LF:3
LH:0
end_of_record
SF:lib/registration/login_screen.dart
DA:9,2
DA:12,1
DA:13,1
DA:22,1
DA:24,1
DA:26,1
DA:27,1
DA:28,1
DA:29,1
DA:31,1
DA:34,1
DA:45,1
DA:46,1
DA:47,1
DA:48,1
DA:49,1
DA:50,0
DA:51,0
DA:55,1
DA:58,1
DA:59,1
DA:66,1
DA:68,0
DA:69,0
DA:76,1
DA:79,1
DA:80,1
DA:84,1
DA:86,1
DA:87,1
DA:89,1
DA:112,1
DA:113,2
DA:114,1
DA:116,1
DA:126,1
DA:127,1
DA:128,0
DA:129,0
DA:130,0
DA:142,1
DA:143,1
DA:144,1
DA:155,1
DA:156,1
DA:166,1
DA:169,1
DA:171,1
DA:172,1
DA:173,1
DA:174,0
DA:175,0
DA:176,0
DA:184,1
DA:185,0
DA:186,0
DA:187,0
DA:189,0
DA:193,1
DA:206,1
DA:208,1
DA:210,1
DA:211,0
DA:212,0
DA:214,0
DA:215,0
LF:66
LH:48
end_of_record
SF:lib/registration/register_screen.dart
DA:8,1
DA:11,0
DA:12,0
DA:21,0
DA:23,0
DA:25,0
DA:26,0
DA:27,0
DA:28,0
DA:30,0
DA:33,0
DA:44,0
DA:45,0
DA:46,0
DA:47,0
DA:48,0
DA:49,0
DA:50,0
DA:51,0
DA:52,0
DA:53,0
DA:57,0
DA:60,0
DA:61,0
DA:69,0
DA:70,0
DA:71,0
DA:72,0
DA:76,0
DA:79,0
DA:80,0
DA:90,0
DA:91,0
DA:92,0
DA:96,0
DA:99,0
DA:100,0
DA:107,0
DA:108,0
DA:109,0
DA:116,0
DA:119,0
DA:120,0
DA:127,0
DA:129,0
DA:130,0
DA:132,0
DA:155,0
DA:156,0
DA:157,0
DA:159,0
DA:169,0
DA:170,0
DA:171,0
DA:172,0
DA:173,0
DA:185,0
DA:186,0
DA:187,0
DA:198,0
DA:199,0
DA:209,0
DA:210,0
DA:211,0
DA:213,0
DA:226,0
DA:228,0
DA:230,0
DA:231,0
DA:232,0
DA:234,0
DA:235,0
LF:72
LH:1
end_of_record
